<?xml version="1.0" encoding="UTF-8"?>
<testng-results ignored="0" total="1" passed="0" failed="1" skipped="0">
  <reporter-output>
  </reporter-output>
  <suite started-at="2025-02-04T13:50:37 IST" name="Default suite" finished-at="2025-02-04T13:50:58 IST" duration-ms="20581">
    <groups>
      <group name="cucumber">
        <method signature="AbstractTestNGCucumberTests.runScenario(io.cucumber.testng.PickleWrapper,io.cucumber.testng.FeatureWrapper)[pri:0, instance:testRunner.RunLogin@6e2aa843]" name="runScenario" class="io.cucumber.testng.AbstractTestNGCucumberTests"/>
      </group> <!-- cucumber -->
    </groups>
    <test started-at="2025-02-04T13:50:37 IST" name="Default test" finished-at="2025-02-04T13:50:58 IST" duration-ms="20581">
      <class name="testRunner.RunLogin">
        <test-method is-config="true" signature="setUpClass(org.testng.ITestContext)[pri:0, instance:testRunner.RunLogin@6e2aa843]" started-at="2025-02-04T13:50:38 IST" name="setUpClass" finished-at="2025-02-04T13:50:39 IST" duration-ms="1326" status="PASS">
          <params>
            <param index="0">
              <value>
                <![CDATA[org.testng.TestRunner@634ca3e7]]>
              </value>
            </param>
          </params>
          <reporter-output>
          </reporter-output>
        </test-method> <!-- setUpClass -->
        <test-method signature="runScenario(io.cucumber.testng.PickleWrapper,io.cucumber.testng.FeatureWrapper)[pri:0, instance:testRunner.RunLogin@6e2aa843]" started-at="2025-02-04T13:50:39 IST" name="runScenario" description="Runs Cucumber Scenarios" data-provider="scenarios" finished-at="2025-02-04T13:50:57 IST" duration-ms="18039" status="FAIL">
          <params>
            <param index="0">
              <value>
                <![CDATA["Add Tablet to Cart"]]>
              </value>
            </param>
            <param index="1">
              <value>
                <![CDATA["AddTablets"]]>
              </value>
            </param>
          </params>
          <exception class="java.lang.NullPointerException">
            <message>
              <![CDATA[Cannot invoke "org.openqa.selenium.WebDriver.close()" because "this.driver" is null]]>
            </message>
            <full-stacktrace>
              <![CDATA[java.lang.NullPointerException: Cannot invoke "org.openqa.selenium.WebDriver.close()" because "this.driver" is null
at stepDefination.CloseStep.close_browser(CloseStep.java:12)
at ✽.close browser(file:///C:/Users/LENOVO/eclipse-workspace/BddCucumber/./Features/AddTablets.feature:8)
]]>
            </full-stacktrace>
          </exception> <!-- java.lang.NullPointerException -->
          <reporter-output>
          </reporter-output>
        </test-method> <!-- runScenario -->
        <test-method is-config="true" signature="tearDownClass()[pri:0, instance:testRunner.RunLogin@6e2aa843]" started-at="2025-02-04T13:50:57 IST" name="tearDownClass" finished-at="2025-02-04T13:50:58 IST" duration-ms="1110" status="PASS">
          <reporter-output>
          </reporter-output>
        </test-method> <!-- tearDownClass -->
      </class> <!-- testRunner.RunLogin -->
    </test> <!-- Default test -->
  </suite> <!-- Default suite -->
</testng-results>
