<?xml version="1.0" encoding="UTF-8"?>
<testng-results ignored="0" total="1" passed="1" failed="0" skipped="0">
  <reporter-output>
  </reporter-output>
  <suite started-at="2025-02-04T22:35:49 IST" name="Suite" finished-at="2025-02-04T22:35:50 IST" duration-ms="267">
    <groups>
    </groups>
    <test started-at="2025-02-04T22:35:49 IST" name="Test" finished-at="2025-02-04T22:35:50 IST" duration-ms="267">
      <class name="stepDefination.SecondCommit">
        <test-method signature="m1()[pri:0, instance:stepDefination.SecondCommit@55cb6996]" started-at="2025-02-04T22:35:50 IST" name="m1" finished-at="2025-02-04T22:35:50 IST" duration-ms="67" status="PASS">
          <reporter-output>
          </reporter-output>
        </test-method> <!-- m1 -->
      </class> <!-- stepDefination.SecondCommit -->
    </test> <!-- Test -->
  </suite> <!-- Suite -->
</testng-results>
