<?xml version="1.0" encoding="UTF-8"?>
<!-- Generated by org.testng.reporters.JUnitReportReporter -->
<testsuite hostname="DESKTOP-NRGQ5R0" failures="0" tests="1" name="testRunner.RunLogin" time="18.039" errors="1" timestamp="2025-02-04T13:50:59 IST" skipped="0">
  <testcase classname="testRunner.RunLogin" name="runScenario" time="18.039">
    <error message="Cannot invoke &quot;org.openqa.selenium.WebDriver.close()&quot; because &quot;this.driver&quot; is null" type="java.lang.NullPointerException">
      <![CDATA[java.lang.NullPointerException: Cannot invoke "org.openqa.selenium.WebDriver.close()" because "this.driver" is null
at stepDefination.CloseStep.close_browser(CloseStep.java:12)
at ✽.close browser(file:///C:/Users/LENOVO/eclipse-workspace/BddCucumber/./Features/AddTablets.feature:8)
]]>
    </error>
  </testcase> <!-- runScenario -->
</testsuite> <!-- testRunner.RunLogin -->
